ncverilog(64): 14.10-s005: (c) Copyright 1995-2014 Cadence Design Systems, Inc.
TOOL:	ncverilog	14.10-s005: Started on Dec 26, 2017 at 10:24:19 CST
ncverilog
	-f pre_sim2c.f
		../CTE.v
		../testfixture2.v
		+define+fsdb
		+nc64bit
		+access+r
		-exit
file: ../testfixture2.v
	module worklib.test:v
		errors: 0, warnings: 0
		Caching library 'worklib' ....... Done
	Elaborating the design hierarchy:
	Building instance overlay tables: .................... Done
	Generating native compiled code:
		worklib.test:v <0x22796446>
			streams:  10, words: 29271
	Building instance specific data structures.
	Loading native compiled code:     .................... Done
	Design hierarchy summary:
		                  Instances  Unique
		Modules:                  2       2
		Registers:               34      34
		Scalar wires:             7       -
		Vectored wires:          25       -
		Always blocks:            8       8
		Initial blocks:           7       7
		Cont. assignments:       23      25
		Pseudo assignments:       1       1
		Simulation timescale:  10ps
	Writing initial simulation snapshot: worklib.test:v
Loading snapshot worklib.test:v .................... Done
*Verdi3* Loading libsscore_ius141.so
*Verdi3* : Enable Parallel Dumping.
ncsim> source /home/nfs_cad/cadence/INCISIV/cur/tools/inca/files/ncsimrc
ncsim> run
FSDB Dumper for IUS, Release Verdi3_J-2014.12-SP3, Linux x86_64/64bit, 07/05/2015
(C) 1996 - 2015 by Synopsys, Inc.
*Verdi3* FSDB WARNING: The FSDB file already exists. Overwriting the FSDB file may crash the programs that are using this file.
*Verdi3* : Create FSDB file 'CTE2_pre.fsdb'
*Verdi3* : Begin traversing the scopes, layer (0).
*Verdi3* : End of traversing.
*Verdi3* : Begin traversing the MDAs, layer (0).
*Verdi3* : Enable +mda and +packedmda dumping.
*Verdi3* : End of traversing the MDAs.
ERROR at   0: Signal U  1 => output:1d v.s. expect:1c    error(distance): -1
ERROR at   1: Signal Y  1 => output:71 v.s. expect:72    error(distance):  1
ERROR at   2: Signal V  1 => output:55 v.s. expect:54    error(distance): -1
ERROR at   3: Signal Y  2 => output:aa v.s. expect:ab    error(distance):  1
ERROR at   8: Signal U  5 => output:d2 v.s. expect:d1    error(distance): -1
ERROR at   9: Signal Y  5 => output:cd v.s. expect:ce    error(distance):  1
ERROR at  10: Signal V  5 => output:da v.s. expect:d9    error(distance): -1
ERROR at  15: Signal Y  8 => output:b4 v.s. expect:b5    error(distance):  1
ERROR at  18: Signal V  9 => output:37 v.s. expect:36    error(distance): -1
ERROR at  20: Signal U 11 => output:fc v.s. expect:fb    error(distance): -1
ERROR at  21: Signal Y 11 => output:62 v.s. expect:63    error(distance):  1
ERROR at  22: Signal V 11 => output:48 v.s. expect:47    error(distance): -1
ERROR at  27: Signal Y 14 => output:99 v.s. expect:9a    error(distance):  1
ERROR at  35: Signal Y 18 => output:cf v.s. expect:d0    error(distance):  1
ERROR at  43: Signal Y 22 => output:99 v.s. expect:9a    error(distance):  1
ERROR at  47: Signal Y 24 => output:73 v.s. expect:74    error(distance):  1
ERROR at  48: Signal U 25 => output:cd v.s. expect:cc    error(distance): -1
ERROR at  49: Signal Y 25 => output:9b v.s. expect:9c    error(distance):  1
ERROR at  50: Signal V 25 => output:09 v.s. expect:08    error(distance): -1
ERROR at  51: Signal Y 26 => output:a4 v.s. expect:a5    error(distance):  1
ERROR at  52: Signal U 27 => output:21 v.s. expect:20    error(distance): -1
ERROR at  53: Signal Y 27 => output:86 v.s. expect:87    error(distance):  1
ERROR at  54: Signal V 27 => output:3c v.s. expect:3b    error(distance): -1
ERROR at  55: Signal Y 28 => output:af v.s. expect:b0    error(distance):  1
ERROR at  59: Signal Y 30 => output:bf v.s. expect:c0    error(distance):  1
ERROR at  63: Signal Y 32 => output:6b v.s. expect:6c    error(distance):  1
ERROR at  64: Signal U 33 => output:06 v.s. expect:05    error(distance): -1
ERROR at  65: Signal Y 33 => output:aa v.s. expect:ab    error(distance):  1
ERROR at  67: Signal Y 34 => output:78 v.s. expect:79    error(distance):  1
ERROR at  80: Signal U 41 => output:07 v.s. expect:06    error(distance): -1
ERROR at  81: Signal Y 41 => output:53 v.s. expect:54    error(distance):  1
ERROR at  82: Signal V 41 => output:30 v.s. expect:2f    error(distance): -1
ERROR at  91: Signal Y 46 => output:da v.s. expect:db    error(distance):  1
ERROR at  92: Signal U 47 => output:00 v.s. expect:ff    error(distance): -1
ERROR at  93: Signal Y 47 => output:a1 v.s. expect:a2    error(distance):  1
ERROR at  94: Signal V 47 => output:24 v.s. expect:23    error(distance): -1
ERROR at 104: Signal U 53 => output:00 v.s. expect:ff    error(distance): -1
ERROR at 105: Signal Y 53 => output:ad v.s. expect:ae    error(distance):  1
ERROR at 106: Signal V 53 => output:c3 v.s. expect:c2    error(distance): -1
ERROR at 108: Signal U 55 => output:ca v.s. expect:c9    error(distance): -1
ERROR at 109: Signal Y 55 => output:ba v.s. expect:bb    error(distance):  1
ERROR at 110: Signal V 55 => output:0e v.s. expect:0d    error(distance): -1
ERROR at 116: Signal U 59 => output:d5 v.s. expect:d4    error(distance): -1
ERROR at 117: Signal Y 59 => output:a8 v.s. expect:a9    error(distance):  1
ERROR at 118: Signal V 59 => output:da v.s. expect:d9    error(distance): -1
ERROR at 120: Signal U 61 => output:ce v.s. expect:cd    error(distance): -1
ERROR at 121: Signal Y 61 => output:bc v.s. expect:bd    error(distance):  1
ERROR at 122: Signal V 61 => output:c3 v.s. expect:c2    error(distance): -1
ERROR at 123: Signal Y 62 => output:90 v.s. expect:91    error(distance):  1
ERROR at 124: Signal U 63 => output:3d v.s. expect:3c    error(distance): -1
ERROR at 125: Signal Y 63 => output:63 v.s. expect:64    error(distance):  1
ERROR at 126: Signal V 63 => output:fe v.s. expect:fd    error(distance): -1
ERROR at 127: Signal Y 64 => output:d0 v.s. expect:d1    error(distance):  1
ERROR at 128: Signal U 65 => output:0b v.s. expect:0a    error(distance): -1
ERROR at 129: Signal Y 65 => output:cc v.s. expect:cd    error(distance):  1
ERROR at 130: Signal V 65 => output:dc v.s. expect:db    error(distance): -1
ERROR at 131: Signal Y 66 => output:ca v.s. expect:cb    error(distance):  1
ERROR at 132: Signal U 67 => output:ef v.s. expect:ee    error(distance): -1
ERROR at 133: Signal Y 67 => output:51 v.s. expect:52    error(distance):  1
ERROR at 134: Signal V 67 => output:1c v.s. expect:1b    error(distance): -1
ERROR at 135: Signal Y 68 => output:5c v.s. expect:5d    error(distance):  1
ERROR at 136: Signal U 69 => output:21 v.s. expect:20    error(distance): -1
ERROR at 137: Signal Y 69 => output:b3 v.s. expect:b4    error(distance):  1
ERROR at 138: Signal V 69 => output:dd v.s. expect:dc    error(distance): -1
ERROR at 143: Signal Y 72 => output:df v.s. expect:e0    error(distance):  1
ERROR at 144: Signal U 73 => output:09 v.s. expect:08    error(distance): -1
ERROR at 145: Signal Y 73 => output:93 v.s. expect:94    error(distance):  1
ERROR at 146: Signal V 73 => output:21 v.s. expect:20    error(distance): -1
ERROR at 147: Signal Y 74 => output:d7 v.s. expect:d8    error(distance):  1
ERROR at 168: Signal U 85 => output:37 v.s. expect:36    error(distance): -1
ERROR at 169: Signal Y 85 => output:7e v.s. expect:7f    error(distance):  1
ERROR at 170: Signal V 85 => output:4c v.s. expect:4b    error(distance): -1
ERROR at 171: Signal Y 86 => output:b2 v.s. expect:b3    error(distance):  1
ERROR at 172: Signal U 87 => output:be v.s. expect:bd    error(distance): -1
ERROR at 173: Signal Y 87 => output:9e v.s. expect:9f    error(distance):  1
ERROR at 174: Signal V 87 => output:b7 v.s. expect:b6    error(distance): -1
ERROR at 187: Signal Y 94 => output:a0 v.s. expect:a1    error(distance):  1
ERROR at 188: Signal U 95 => output:c1 v.s. expect:c0    error(distance): -1
ERROR at 189: Signal Y 95 => output:d0 v.s. expect:d1    error(distance):  1
ERROR at 190: Signal V 95 => output:13 v.s. expect:12    error(distance): -1
ERROR at 194: Signal V 97 => output:35 v.s. expect:34    error(distance): -1
ERROR at 196: Signal U 99 => output:12 v.s. expect:11    error(distance): -1
ERROR at 197: Signal Y 99 => output:6a v.s. expect:6b    error(distance):  1
ERROR at 198: Signal V 99 => output:e7 v.s. expect:e6    error(distance): -1
ERROR at 199: Signal Y100 => output:c5 v.s. expect:c6    error(distance):  1
ERROR at 204: Signal U103 => output:f8 v.s. expect:f7    error(distance): -1
ERROR at 205: Signal Y103 => output:73 v.s. expect:74    error(distance):  1
ERROR at 211: Signal Y106 => output:ac v.s. expect:ad    error(distance):  1
ERROR at 228: Signal U115 => output:b4 v.s. expect:b3    error(distance): -1
ERROR at 229: Signal Y115 => output:cc v.s. expect:cd    error(distance):  1
ERROR at 230: Signal V115 => output:e1 v.s. expect:e0    error(distance): -1
ERROR at 231: Signal Y116 => output:9c v.s. expect:9d    error(distance):  1
ERROR at 239: Signal Y120 => output:60 v.s. expect:61    error(distance):  1
ERROR at 255: Signal Y128 => output:af v.s. expect:b0    error(distance):  1
ERROR at 260: Signal U131 => output:02 v.s. expect:01    error(distance): -1
ERROR at 261: Signal Y131 => output:ac v.s. expect:ad    error(distance):  1
ERROR at 263: Signal Y132 => output:65 v.s. expect:66    error(distance):  1
ERROR at 264: Signal U133 => output:08 v.s. expect:07    error(distance): -1
ERROR at 265: Signal Y133 => output:68 v.s. expect:69    error(distance):  1
ERROR at 266: Signal V133 => output:31 v.s. expect:30    error(distance): -1
ERROR at 267: Signal Y134 => output:a2 v.s. expect:a3    error(distance):  1
ERROR at 270: Signal V135 => output:12 v.s. expect:11    error(distance): -1
ERROR at 271: Signal Y136 => output:cd v.s. expect:ce    error(distance):  1
ERROR at 279: Signal Y140 => output:ae v.s. expect:af    error(distance):  1
ERROR at 280: Signal U141 => output:f6 v.s. expect:f5    error(distance): -1
ERROR at 281: Signal Y141 => output:99 v.s. expect:9a    error(distance):  1
ERROR at 283: Signal Y142 => output:b5 v.s. expect:b6    error(distance):  1
ERROR at 284: Signal U143 => output:ac v.s. expect:ab    error(distance): -1
ERROR at 285: Signal Y143 => output:c1 v.s. expect:c2    error(distance):  1
ERROR at 286: Signal V143 => output:1d v.s. expect:1c    error(distance): -1
ERROR at 287: Signal Y144 => output:b6 v.s. expect:b7    error(distance):  1
ERROR at 288: Signal U145 => output:c6 v.s. expect:c5    error(distance): -1
ERROR at 289: Signal Y145 => output:8f v.s. expect:90    error(distance):  1
ERROR at 290: Signal V145 => output:36 v.s. expect:35    error(distance): -1
ERROR at 291: Signal Y146 => output:ac v.s. expect:ad    error(distance):  1
ERROR at 292: Signal U147 => output:2c v.s. expect:2b    error(distance): -1
ERROR at 293: Signal Y147 => output:73 v.s. expect:74    error(distance):  1
ERROR at 294: Signal V147 => output:fd v.s. expect:fc    error(distance): -1
ERROR at 295: Signal Y148 => output:ae v.s. expect:af    error(distance):  1
ERROR at 299: Signal Y150 => output:c2 v.s. expect:c3    error(distance):  1
ERROR at 304: Signal U153 => output:cb v.s. expect:ca    error(distance): -1
ERROR at 305: Signal Y153 => output:96 v.s. expect:97    error(distance):  1
ERROR at 306: Signal V153 => output:1e v.s. expect:1d    error(distance): -1
ERROR at 311: Signal Y156 => output:98 v.s. expect:99    error(distance):  1
ERROR at 324: Signal U163 => output:98 v.s. expect:97    error(distance): -1
ERROR at 325: Signal Y163 => output:db v.s. expect:dc    error(distance):  1
ERROR at 326: Signal V163 => output:0e v.s. expect:0d    error(distance): -1
ERROR at 327: Signal Y164 => output:9d v.s. expect:9e    error(distance):  1
ERROR at 331: Signal Y166 => output:b7 v.s. expect:b8    error(distance):  1
ERROR at 332: Signal U167 => output:c2 v.s. expect:c1    error(distance): -1
ERROR at 333: Signal Y167 => output:c5 v.s. expect:c6    error(distance):  1
ERROR at 334: Signal V167 => output:19 v.s. expect:18    error(distance): -1
ERROR at 335: Signal Y168 => output:ad v.s. expect:ae    error(distance):  1
ERROR at 344: Signal U173 => output:d2 v.s. expect:d1    error(distance): -1
ERROR at 345: Signal Y173 => output:c6 v.s. expect:c7    error(distance):  1
ERROR at 346: Signal V173 => output:f2 v.s. expect:f1    error(distance): -1
ERROR at 348: Signal U175 => output:b2 v.s. expect:b1    error(distance): -1
ERROR at 349: Signal Y175 => output:ac v.s. expect:ad    error(distance):  1
ERROR at 351: Signal Y176 => output:cb v.s. expect:cc    error(distance):  1
ERROR at 363: Signal Y182 => output:41 v.s. expect:42    error(distance):  1
ERROR at 368: Signal U185 => output:25 v.s. expect:24    error(distance): -1
ERROR at 369: Signal Y185 => output:67 v.s. expect:68    error(distance):  1
ERROR at 370: Signal V185 => output:39 v.s. expect:38    error(distance): -1
ERROR at 371: Signal Y186 => output:9e v.s. expect:9f    error(distance):  1
ERROR at 375: Signal Y188 => output:32 v.s. expect:33    error(distance):  1
ERROR at 376: Signal U189 => output:0e v.s. expect:0d    error(distance): -1
ERROR at 377: Signal Y189 => output:c8 v.s. expect:c9    error(distance):  1
ERROR at 378: Signal V189 => output:0a v.s. expect:09    error(distance): -1
ERROR at 379: Signal Y190 => output:a8 v.s. expect:a9    error(distance):  1
ERROR at 380: Signal U191 => output:02 v.s. expect:01    error(distance): -1
ERROR at 381: Signal Y191 => output:d1 v.s. expect:d2    error(distance):  1
ERROR at 382: Signal V191 => output:e3 v.s. expect:e2    error(distance): -1
ERROR at 383: Signal Y192 => output:e0 v.s. expect:e1    error(distance):  1
ERROR at 395: Signal Y198 => output:bb v.s. expect:bc    error(distance):  1
ERROR at 408: Signal U205 => output:f4 v.s. expect:f3    error(distance): -1
ERROR at 409: Signal Y205 => output:a9 v.s. expect:aa    error(distance):  1
ERROR at 410: Signal V205 => output:d5 v.s. expect:d4    error(distance): -1
ERROR at 411: Signal Y206 => output:a4 v.s. expect:a5    error(distance):  1
ERROR at 416: Signal U209 => output:dc v.s. expect:db    error(distance): -1
ERROR at 417: Signal Y209 => output:89 v.s. expect:8a    error(distance):  1
ERROR at 418: Signal V209 => output:39 v.s. expect:38    error(distance): -1
ERROR at 419: Signal Y210 => output:5f v.s. expect:60    error(distance):  1
ERROR at 423: Signal Y212 => output:75 v.s. expect:76    error(distance):  1
ERROR at 424: Signal U213 => output:08 v.s. expect:07    error(distance): -1
ERROR at 425: Signal Y213 => output:77 v.s. expect:78    error(distance):  1
ERROR at 426: Signal V213 => output:44 v.s. expect:43    error(distance): -1
ERROR at 447: Signal Y224 => output:a5 v.s. expect:a6    error(distance):  1
ERROR at 448: Signal U225 => output:a5 v.s. expect:a4    error(distance): -1
ERROR at 449: Signal Y225 => output:be v.s. expect:bf    error(distance):  1
ERROR at 450: Signal V225 => output:09 v.s. expect:08    error(distance): -1
ERROR at 452: Signal U227 => output:ea v.s. expect:e9    error(distance): -1
ERROR at 453: Signal Y227 => output:b8 v.s. expect:b9    error(distance):  1
ERROR at 454: Signal V227 => output:f2 v.s. expect:f1    error(distance): -1
ERROR at 460: Signal U231 => output:05 v.s. expect:04    error(distance): -1
ERROR at 461: Signal Y231 => output:59 v.s. expect:5a    error(distance):  1
ERROR at 462: Signal V231 => output:56 v.s. expect:55    error(distance): -1
ERROR at 463: Signal Y232 => output:48 v.s. expect:49    error(distance):  1
ERROR at 464: Signal U233 => output:0d v.s. expect:0c    error(distance): -1
ERROR at 465: Signal Y233 => output:80 v.s. expect:81    error(distance):  1
ERROR at 467: Signal Y234 => output:7e v.s. expect:7f    error(distance):  1
ERROR at 483: Signal Y242 => output:b7 v.s. expect:b8    error(distance):  1
ERROR at 484: Signal U243 => output:18 v.s. expect:17    error(distance): -1
ERROR at 485: Signal Y243 => output:7b v.s. expect:7c    error(distance):  1
ERROR at 486: Signal V243 => output:e1 v.s. expect:e0    error(distance): -1
ERROR at 487: Signal Y244 => output:7d v.s. expect:7e    error(distance):  1
ERROR at 488: Signal U245 => output:e8 v.s. expect:e7    error(distance): -1
ERROR at 489: Signal Y245 => output:b1 v.s. expect:b2    error(distance):  1
ERROR at 500: Signal U251 => output:0c v.s. expect:0b    error(distance): -1
ERROR at 501: Signal Y251 => output:7f v.s. expect:80    error(distance):  1
ERROR at 502: Signal V251 => output:2d v.s. expect:2c    error(distance): -1
ERROR at 503: Signal Y252 => output:ae v.s. expect:af    error(distance):  1
ERROR at 512: Signal U257 => output:d4 v.s. expect:d3    error(distance): -1
ERROR at 513: Signal Y257 => output:a4 v.s. expect:a5    error(distance):  1
ERROR at 514: Signal V257 => output:27 v.s. expect:26    error(distance): -1
ERROR at 515: Signal Y258 => output:ba v.s. expect:bb    error(distance):  1
ERROR at 524: Signal U263 => output:ba v.s. expect:b9    error(distance): -1
ERROR at 525: Signal Y263 => output:b5 v.s. expect:b6    error(distance):  1
ERROR at 526: Signal V263 => output:13 v.s. expect:12    error(distance): -1
ERROR at 531: Signal Y266 => output:55 v.s. expect:56    error(distance):  1
ERROR at 536: Signal U269 => output:20 v.s. expect:1f    error(distance): -1
ERROR at 537: Signal Y269 => output:99 v.s. expect:9a    error(distance):  1
ERROR at 539: Signal Y270 => output:bc v.s. expect:bd    error(distance):  1
ERROR at 543: Signal Y272 => output:dc v.s. expect:dd    error(distance):  1
ERROR at 547: Signal Y274 => output:c6 v.s. expect:c7    error(distance):  1
ERROR at 548: Signal U275 => output:01 v.s. expect:00    error(distance): -1
ERROR at 549: Signal Y275 => output:52 v.s. expect:53    error(distance):  1
ERROR at 550: Signal V275 => output:60 v.s. expect:5f    error(distance): -1
ERROR at 551: Signal Y276 => output:6c v.s. expect:6d    error(distance):  1
ERROR at 555: Signal Y278 => output:ac v.s. expect:ad    error(distance):  1
ERROR at 564: Signal U283 => output:0a v.s. expect:09    error(distance): -1
ERROR at 565: Signal Y283 => output:a6 v.s. expect:a7    error(distance):  1
ERROR at 567: Signal Y284 => output:43 v.s. expect:44    error(distance):  1
ERROR at 571: Signal Y286 => output:86 v.s. expect:87    error(distance):  1
ERROR at 572: Signal U287 => output:e3 v.s. expect:e2    error(distance): -1
ERROR at 573: Signal Y287 => output:a7 v.s. expect:a8    error(distance):  1
ERROR at 574: Signal V287 => output:2f v.s. expect:2e    error(distance): -1
ERROR at 576: Signal U289 => output:01 v.s. expect:00    error(distance): -1
ERROR at 577: Signal Y289 => output:87 v.s. expect:88    error(distance):  1
ERROR at 578: Signal V289 => output:35 v.s. expect:34    error(distance): -1
ERROR at 579: Signal Y290 => output:89 v.s. expect:8a    error(distance):  1
ERROR at 580: Signal U291 => output:c3 v.s. expect:c2    error(distance): -1
ERROR at 581: Signal Y291 => output:91 v.s. expect:92    error(distance):  1
ERROR at 582: Signal V291 => output:13 v.s. expect:12    error(distance): -1
ERROR at 587: Signal Y294 => output:dd v.s. expect:de    error(distance):  1
ERROR at 591: Signal Y296 => output:8e v.s. expect:8f    error(distance):  1
ERROR at 592: Signal U297 => output:b4 v.s. expect:b3    error(distance): -1
ERROR at 593: Signal Y297 => output:a2 v.s. expect:a3    error(distance):  1
ERROR at 595: Signal Y298 => output:a9 v.s. expect:aa    error(distance):  1
ERROR at 611: Signal Y306 => output:8c v.s. expect:8d    error(distance):  1
ERROR at 615: Signal Y308 => output:ce v.s. expect:cf    error(distance):  1
ERROR at 619: Signal Y310 => output:5d v.s. expect:5e    error(distance):  1
ERROR at 624: Signal U313 => output:f9 v.s. expect:f8    error(distance): -1
ERROR at 625: Signal Y313 => output:ba v.s. expect:bb    error(distance):  1
ERROR at 626: Signal V313 => output:24 v.s. expect:23    error(distance): -1
ERROR at 628: Signal U315 => output:1f v.s. expect:1e    error(distance): -1
ERROR at 629: Signal Y315 => output:b3 v.s. expect:b4    error(distance):  1
ERROR at 635: Signal Y318 => output:8c v.s. expect:8d    error(distance):  1
ERROR at 636: Signal U319 => output:bc v.s. expect:bb    error(distance): -1
ERROR at 637: Signal Y319 => output:d3 v.s. expect:d4    error(distance):  1
ERROR at 638: Signal V319 => output:f4 v.s. expect:f3    error(distance): -1
ERROR at 639: Signal Y320 => output:b7 v.s. expect:b8    error(distance):  1
ERROR at 655: Signal Y328 => output:9c v.s. expect:9d    error(distance):  1
ERROR at 656: Signal U329 => output:03 v.s. expect:02    error(distance): -1
ERROR at 657: Signal Y329 => output:6a v.s. expect:6b    error(distance):  1
ERROR at 658: Signal V329 => output:50 v.s. expect:4f    error(distance): -1
ERROR at 659: Signal Y330 => output:75 v.s. expect:76    error(distance):  1
ERROR at 667: Signal Y334 => output:8e v.s. expect:8f    error(distance):  1
ERROR at 684: Signal U343 => output:0f v.s. expect:0e    error(distance): -1
ERROR at 685: Signal Y343 => output:c7 v.s. expect:c8    error(distance):  1
ERROR at 686: Signal V343 => output:08 v.s. expect:07    error(distance): -1
ERROR at 687: Signal Y344 => output:56 v.s. expect:57    error(distance):  1
ERROR at 691: Signal Y346 => output:68 v.s. expect:69    error(distance):  1
ERROR at 695: Signal Y348 => output:a5 v.s. expect:a6    error(distance):  1
ERROR at 702: Signal V351 => output:c6 v.s. expect:c7    error(distance):  1
ERROR at 707: Signal Y354 => output:c1 v.s. expect:c2    error(distance):  1
ERROR at 711: Signal Y356 => output:b1 v.s. expect:b2    error(distance):  1
ERROR at 712: Signal U357 => output:07 v.s. expect:06    error(distance): -1
ERROR at 713: Signal Y357 => output:e1 v.s. expect:e2    error(distance):  1
ERROR at 714: Signal V357 => output:07 v.s. expect:06    error(distance): -1
ERROR at 723: Signal Y362 => output:83 v.s. expect:84    error(distance):  1
ERROR at 724: Signal U363 => output:1e v.s. expect:1d    error(distance): -1
ERROR at 725: Signal Y363 => output:9b v.s. expect:9c    error(distance):  1
ERROR at 727: Signal Y364 => output:89 v.s. expect:8a    error(distance):  1
ERROR at 728: Signal U365 => output:2c v.s. expect:2b    error(distance): -1
ERROR at 729: Signal Y365 => output:7f v.s. expect:80    error(distance):  1
ERROR at 730: Signal V365 => output:4f v.s. expect:4e    error(distance): -1
ERROR at 731: Signal Y366 => output:38 v.s. expect:39    error(distance):  1
ERROR at 732: Signal U367 => output:28 v.s. expect:27    error(distance): -1
ERROR at 733: Signal Y367 => output:51 v.s. expect:52    error(distance):  1
ERROR at 734: Signal V367 => output:31 v.s. expect:30    error(distance): -1
ERROR at 735: Signal Y368 => output:9c v.s. expect:9d    error(distance):  1
ERROR at 736: Signal U369 => output:d5 v.s. expect:d4    error(distance): -1
ERROR at 737: Signal Y369 => output:a2 v.s. expect:a3    error(distance):  1
ERROR at 740: Signal U371 => output:f0 v.s. expect:ef    error(distance): -1
ERROR at 741: Signal Y371 => output:d3 v.s. expect:d4    error(distance):  1
ERROR at 742: Signal V371 => output:cf v.s. expect:ce    error(distance): -1
ERROR at 750: Signal V375 => output:c6 v.s. expect:c7    error(distance):  1
ERROR at 760: Signal U381 => output:1a v.s. expect:19    error(distance): -1
ERROR at 761: Signal Y381 => output:56 v.s. expect:57    error(distance):  1
ERROR at 762: Signal V381 => output:3e v.s. expect:3d    error(distance): -1
ERROR at 763: Signal Y382 => output:a3 v.s. expect:a4    error(distance):  1
ERROR at 772: Signal U387 => output:07 v.s. expect:06    error(distance): -1
ERROR at 773: Signal Y387 => output:c2 v.s. expect:c3    error(distance):  1
ERROR at 774: Signal V387 => output:f2 v.s. expect:f1    error(distance): -1
ERROR at 784: Signal U393 => output:d6 v.s. expect:d5    error(distance): -1
ERROR at 785: Signal Y393 => output:7c v.s. expect:7d    error(distance):  1
ERROR at 787: Signal Y394 => output:80 v.s. expect:81    error(distance):  1
ERROR at 788: Signal U395 => output:d1 v.s. expect:d0    error(distance): -1
ERROR at 789: Signal Y395 => output:9f v.s. expect:a0    error(distance):  1
ERROR at 796: Signal U399 => output:3c v.s. expect:3b    error(distance): -1
ERROR at 797: Signal Y399 => output:7c v.s. expect:7d    error(distance):  1
ERROR at 800: Signal U401 => output:f1 v.s. expect:f0    error(distance): -1
ERROR at 801: Signal Y401 => output:6b v.s. expect:6c    error(distance):  1
ERROR at 802: Signal V401 => output:2e v.s. expect:2d    error(distance): -1
ERROR at 803: Signal Y402 => output:b3 v.s. expect:b4    error(distance):  1
ERROR at 804: Signal U403 => output:ec v.s. expect:eb    error(distance): -1
ERROR at 805: Signal Y403 => output:78 v.s. expect:79    error(distance):  1
ERROR at 806: Signal V403 => output:49 v.s. expect:48    error(distance): -1
ERROR at 807: Signal Y404 => output:92 v.s. expect:93    error(distance):  1
ERROR at 808: Signal U405 => output:c8 v.s. expect:c7    error(distance): -1
ERROR at 809: Signal Y405 => output:ce v.s. expect:cf    error(distance):  1
ERROR at 811: Signal Y406 => output:a8 v.s. expect:a9    error(distance):  1
ERROR at 812: Signal U407 => output:02 v.s. expect:01    error(distance): -1
ERROR at 813: Signal Y407 => output:9b v.s. expect:9c    error(distance):  1
ERROR at 814: Signal V407 => output:39 v.s. expect:38    error(distance): -1
ERROR at 816: Signal U409 => output:f3 v.s. expect:f2    error(distance): -1
ERROR at 817: Signal Y409 => output:79 v.s. expect:7a    error(distance):  1
ERROR at 818: Signal V409 => output:dc v.s. expect:db    error(distance): -1
ERROR at 819: Signal Y410 => output:8d v.s. expect:8e    error(distance):  1
ERROR at 824: Signal U413 => output:bb v.s. expect:ba    error(distance): -1
ERROR at 825: Signal Y413 => output:9e v.s. expect:9f    error(distance):  1
ERROR at 827: Signal Y414 => output:b5 v.s. expect:b6    error(distance):  1
ERROR at 839: Signal Y420 => output:7a v.s. expect:7b    error(distance):  1
ERROR at 844: Signal U423 => output:0b v.s. expect:0a    error(distance): -1
ERROR at 845: Signal Y423 => output:7b v.s. expect:7c    error(distance):  1
ERROR at 846: Signal V423 => output:04 v.s. expect:03    error(distance): -1
ERROR at 847: Signal Y424 => output:af v.s. expect:b0    error(distance):  1
ERROR at 848: Signal U425 => output:ff v.s. expect:fe    error(distance): -1
ERROR at 849: Signal Y425 => output:80 v.s. expect:81    error(distance):  1
ERROR at 850: Signal V425 => output:34 v.s. expect:33    error(distance): -1
ERROR at 851: Signal Y426 => output:83 v.s. expect:84    error(distance):  1
ERROR at 852: Signal U427 => output:ed v.s. expect:ec    error(distance): -1
ERROR at 853: Signal Y427 => output:e4 v.s. expect:e5    error(distance):  1
ERROR at 854: Signal V427 => output:08 v.s. expect:07    error(distance): -1
ERROR at 856: Signal U429 => output:ae v.s. expect:ad    error(distance): -1
ERROR at 857: Signal Y429 => output:a8 v.s. expect:a9    error(distance):  1
ERROR at 858: Signal V429 => output:fe v.s. expect:fd    error(distance): -1
ERROR at 864: Signal U433 => output:17 v.s. expect:16    error(distance): -1
ERROR at 865: Signal Y433 => output:95 v.s. expect:96    error(distance):  1
ERROR at 866: Signal V433 => output:df v.s. expect:de    error(distance): -1
ERROR at 880: Signal U441 => output:f8 v.s. expect:f7    error(distance): -1
ERROR at 881: Signal Y441 => output:a0 v.s. expect:a1    error(distance):  1
ERROR at 883: Signal Y442 => output:ce v.s. expect:cf    error(distance):  1
ERROR at 890: Signal V445 => output:0d v.s. expect:0c    error(distance): -1
ERROR at 892: Signal U447 => output:00 v.s. expect:ff    error(distance): -1
ERROR at 893: Signal Y447 => output:4e v.s. expect:4f    error(distance):  1
ERROR at 894: Signal V447 => output:30 v.s. expect:2f    error(distance): -1
ERROR at 895: Signal Y448 => output:99 v.s. expect:9a    error(distance):  1
ERROR at 900: Signal U451 => output:e4 v.s. expect:e3    error(distance): -1
ERROR at 901: Signal Y451 => output:a1 v.s. expect:a2    error(distance):  1
ERROR at 904: Signal U453 => output:3c v.s. expect:3b    error(distance): -1
ERROR at 905: Signal Y453 => output:74 v.s. expect:75    error(distance):  1
ERROR at 906: Signal V453 => output:39 v.s. expect:38    error(distance): -1
ERROR at 908: Signal U455 => output:1d v.s. expect:1c    error(distance): -1
ERROR at 909: Signal Y455 => output:5e v.s. expect:5f    error(distance):  1
ERROR at 910: Signal V455 => output:3a v.s. expect:39    error(distance): -1
ERROR at 911: Signal Y456 => output:7e v.s. expect:7f    error(distance):  1
ERROR at 912: Signal U457 => output:04 v.s. expect:03    error(distance): -1
ERROR at 913: Signal Y457 => output:b0 v.s. expect:b1    error(distance):  1
ERROR at 923: Signal Y462 => output:a2 v.s. expect:a3    error(distance):  1
ERROR at 924: Signal U463 => output:c6 v.s. expect:c5    error(distance): -1
ERROR at 925: Signal Y463 => output:a8 v.s. expect:a9    error(distance):  1
ERROR at 927: Signal Y464 => output:da v.s. expect:db    error(distance):  1
ERROR at 931: Signal Y466 => output:99 v.s. expect:9a    error(distance):  1
ERROR at 932: Signal U467 => output:2a v.s. expect:29    error(distance): -1
ERROR at 933: Signal Y467 => output:5c v.s. expect:5d    error(distance):  1
ERROR at 934: Signal V467 => output:2e v.s. expect:2d    error(distance): -1
ERROR at 936: Signal U469 => output:e3 v.s. expect:e2    error(distance): -1
ERROR at 937: Signal Y469 => output:60 v.s. expect:61    error(distance):  1
ERROR at 938: Signal V469 => output:60 v.s. expect:5f    error(distance): -1
ERROR at 942: Signal V471 => output:2d v.s. expect:2c    error(distance): -1
ERROR at 943: Signal Y472 => output:c8 v.s. expect:c9    error(distance):  1
ERROR at 947: Signal Y474 => output:ba v.s. expect:bb    error(distance):  1
ERROR at 951: Signal Y476 => output:d5 v.s. expect:d6    error(distance):  1
ERROR at 952: Signal U477 => output:de v.s. expect:dd    error(distance): -1
ERROR at 953: Signal Y477 => output:82 v.s. expect:83    error(distance):  1
ERROR at 954: Signal V477 => output:3e v.s. expect:3d    error(distance): -1
ERROR at 956: Signal U479 => output:48 v.s. expect:47    error(distance): -1
ERROR at 957: Signal Y479 => output:58 v.s. expect:59    error(distance):  1
ERROR at 959: Signal Y480 => output:9a v.s. expect:9b    error(distance):  1
ERROR at 963: Signal Y482 => output:74 v.s. expect:75    error(distance):  1
ERROR at 967: Signal Y484 => output:9a v.s. expect:9b    error(distance):  1
ERROR at 975: Signal Y488 => output:b6 v.s. expect:b7    error(distance):  1
ERROR at 980: Signal U491 => output:c6 v.s. expect:c5    error(distance): -1
ERROR at 981: Signal Y491 => output:91 v.s. expect:92    error(distance):  1
ERROR at 982: Signal V491 => output:1f v.s. expect:1e    error(distance): -1
ERROR at 983: Signal Y492 => output:7c v.s. expect:7d    error(distance):  1
ERROR at 987: Signal Y494 => output:d2 v.s. expect:d3    error(distance):  1
ERROR at 996: Signal U499 => output:f1 v.s. expect:f0    error(distance): -1
ERROR at 997: Signal Y499 => output:c6 v.s. expect:c7    error(distance):  1
ERROR at 998: Signal V499 => output:19 v.s. expect:18    error(distance): -1
-----------------------------------------------------

Square Distance of All YUV = 381.000000

Square of All YUV Signal   = 21561234.000000

-----------------------------------------------------

So Your Error Ratio:

(Square Distance of YUV)/(Square of All YUV Signal) = 0.000018

-----------------------------------------------------

Your Score Level: A 

Congratulations! CTE's Function2 Successfully!

-------------------------PASS------------------------

Simulation complete via $finish(1) at time 23447900 PS + 0
../testfixture2.v:208       #(`CYCLE/2); $finish;
ncsim> exit
TOOL:	ncverilog	14.10-s005: Exiting on Dec 26, 2017 at 10:24:20 CST  (total: 00:00:01)
